<?xml version="1.0" encoding="utf-8"?><testsuites name="pytest tests"><testsuite name="pytest" errors="0" failures="4" skipped="0" tests="153" time="286.074" timestamp="2026-09-10T19:57:05.625362-07:00" hostname="ghosal-macbook.local"><testcase classname="tests.field.test_docker_build" name="test_docker_image_builds" time="0.700" /><testcase classname="tests.field.test_docker_build" name="test_docker_version" time="0.206" /><testcase classname="tests.field.test_docker_build" name="test_docker_help" time="0.189" /><testcase classname="tests.field.test_docker_build" name="test_docker_pip_show" time="0.225" /><testcase classname="tests.field.test_docker_build" name="test_docker_import" time="0.165" /><testcase classname="tests.field.test_docker_cli" name="test_cli_init" time="0.093" /><testcase classname="tests.field.test_docker_cli" name="test_cli_extract_dry_run" time="0.076" /><testcase classname="tests.field.test_docker_cli" name="test_cli_test" time="0.154" /><testcase classname="tests.field.test_docker_cli" name="test_cli_promote" time="0.077" /><testcase classname="tests.field.test_docker_cli" name="test_cli_list" time="0.078" /><testcase classname="tests.field.test_docker_cli" name="test_cli_show" time="0.077" /><testcase classname="tests.field.test_docker_cli" name="test_cli_inject" time="0.134" /><testcase classname="tests.field.test_docker_cli" name="test_cli_retire" time="0.145" /><testcase classname="tests.field.test_docker_cli" name="test_cli_history" time="0.078" /><testcase classname="tests.field.test_docker_cli" name="test_cli_conflicts" time="0.077" /><testcase classname="tests.field.test_docker_cli" name="test_cli_validate" time="0.077" /><testcase classname="tests.field.test_docker_cli" name="test_cli_health" time="0.079" /><testcase classname="tests.field.test_docker_cli" name="test_cli_search" time="0.132" /><testcase classname="tests.field.test_docker_cli" name="test_cli_explain" time="0.076" /><testcase classname="tests.field.test_docker_cli" name="test_cli_config" time="0.076" /><testcase classname="tests.field.test_docker_cli" name="test_cli_metrics" time="0.080" /><testcase classname="tests.field.test_docker_cli" name="test_cli_report" time="0.076" /><testcase classname="tests.field.test_docker_cli" name="test_cli_pack_list" time="0.283" /><testcase classname="tests.field.test_docker_cli" name="test_cli_pack_info" time="0.283" /><testcase classname="tests.field.test_docker_cli" name="test_cli_diff" time="0.077" /><testcase classname="tests.field.test_docker_cli" name="test_cli_audit" time="0.077" /><testcase classname="tests.field.test_docker_cli" name="test_cli_story" time="0.080" /><testcase classname="tests.field.test_docker_cli" name="test_cli_counterfactual" time="0.081" /><testcase classname="tests.field.test_docker_compose" name="test_compose_start_demo" time="0.788"><failure message="AssertionError:  Image cauterule-field-test-cauterule-demo Building &#10;   Image cauterule-field-test-cauterule-demo Built &#10;   Network cauterule-field-test_default Creating &#10;   Network cauterule-field-test_default Creating &#10;   Network cauterule-field-test_default Created &#10;   Network cauterule-field-test_default Created &#10;   Container cauterule-demo Creating &#10;   Container cauterule-demo Created &#10;   Container cauterule-demo Starting &#10;   Container cauterule-demo Started &#10;  cauterule-demo  | Traceback (most recent call last):&#10;  cauterule-demo  |   File &quot;/usr/local/bin/cauterule&quot;, line 6, in &lt;module&gt;&#10;  cauterule-demo  |     sys.exit(main())&#10;  cauterule-demo  |              ^^^^^^&#10;  cauterule-demo  |   File &quot;/usr/local/lib/python3.12/site-packages/click/core.py&quot;, line 1631, in __call__&#10;  cauterule-demo  |     return self.main(*args, **kwargs)&#10;  cauterule-demo  |            ^^^^^^^^^^^^^^^^^^^^^^^^^^&#10;  cauterule-demo  |   File &quot;/usr/local/lib/python3.12/site-packages/click/core.py&quot;, line 1552, in main&#10;  cauterule-demo  |     rv = self.invoke(ctx)&#10;  cauterule-demo  |          ^^^^^^^^^^^^^^^^&#10;  cauterule-demo  |   File &quot;/usr/local/lib/python3.12/site-packages/click/core.py&quot;, line 2032, in invoke&#10;  cauterule-demo  |     return _process_result(sub_ctx.command.invoke(sub_ctx))&#10;  cauterule-demo  |                            ^^^^^^^^^^^^^^^^^^^^^^^^^^^^^^^&#10;  cauterule-demo  |   File &quot;/usr/local/lib/python3.12/site-packages/click/core.py&quot;, line 1415, in invoke&#10;  cauterule-demo  |     return ctx.invoke(self.callback, **ctx.params)&#10;  cauterule-demo  |            ^^^^^^^^^^^^^^^^^^^^^^^^^^^^^^^^^^^^^^^&#10;  cauterule-demo  |   File &quot;/usr/local/lib/python3.12/site-packages/click/core.py&quot;, line 910, in invoke&#10;  cauterule-demo  |     return callback(*args, **kwargs)&#10;  cauterule-demo  |            ^^^^^^^^^^^^^^^^^^^^^^^^^&#10;  cauterule-demo  |   File &quot;/usr/local/lib/python3.12/site-packages/cauterule/cli/demo.py&quot;, line 74, in demo&#10;  cauterule-demo  |     _run_demo_pipeline(failures)&#10;  cauterule-demo  |   File &quot;/usr/local/lib/python3.12/site-packages/cauterule/cli/demo.py&quot;, line 51, in _run_demo_pipeline&#10;  cauterule-demo  |     traj_dir.mkdir(parents=True, exist_ok=True)&#10;  cauterule-demo  |   File &quot;/usr/local/lib/python3.12/pathlib.py&quot;, line 1311, in mkdir&#10;  cauterule-demo  |     os.mkdir(self, mode)&#10;  cauterule-demo  | PermissionError: [Errno 13] Permission denied: 'trajectories'&#10;   Compose Stopping Aborting on container exit...&#10;   Container cauterule-demo Stopping &#10;   Container cauterule-demo Stopped &#10;  &#10;  &#10;assert 1 == 0&#10; +  where 1 = CompletedProcess(args=['docker', 'compose', '-f', 'docker-compose.yaml', '-p', 'cauterule-field-test', 'up', '--build'...e Stopping Aborting on container exit...\n Container cauterule-demo Stopping \n Container cauterule-demo Stopped \n\n').returncode">@pytest.mark.docker
    @pytest.mark.slow
    def test_compose_start_demo() -&gt; None:
        result = _compose("up", "--build", "cauterule-demo", "--abort-on-container-exit")
&gt;       assert result.returncode == 0, result.stderr
E       AssertionError:  Image cauterule-field-test-cauterule-demo Building 
E          Image cauterule-field-test-cauterule-demo Built 
E          Network cauterule-field-test_default Creating 
E          Network cauterule-field-test_default Creating 
E          Network cauterule-field-test_default Created 
E          Network cauterule-field-test_default Created 
E          Container cauterule-demo Creating 
E          Container cauterule-demo Created 
E          Container cauterule-demo Starting 
E          Container cauterule-demo Started 
E         cauterule-demo  | Traceback (most recent call last):
E         cauterule-demo  |   File "/usr/local/bin/cauterule", line 6, in &lt;module&gt;
E         cauterule-demo  |     sys.exit(main())
E         cauterule-demo  |              ^^^^^^
E         cauterule-demo  |   File "/usr/local/lib/python3.12/site-packages/click/core.py", line 1631, in __call__
E         cauterule-demo  |     return self.main(*args, **kwargs)
E         cauterule-demo  |            ^^^^^^^^^^^^^^^^^^^^^^^^^^
E         cauterule-demo  |   File "/usr/local/lib/python3.12/site-packages/click/core.py", line 1552, in main
E         cauterule-demo  |     rv = self.invoke(ctx)
E         cauterule-demo  |          ^^^^^^^^^^^^^^^^
E         cauterule-demo  |   File "/usr/local/lib/python3.12/site-packages/click/core.py", line 2032, in invoke
E         cauterule-demo  |     return _process_result(sub_ctx.command.invoke(sub_ctx))
E         cauterule-demo  |                            ^^^^^^^^^^^^^^^^^^^^^^^^^^^^^^^
E         cauterule-demo  |   File "/usr/local/lib/python3.12/site-packages/click/core.py", line 1415, in invoke
E         cauterule-demo  |     return ctx.invoke(self.callback, **ctx.params)
E         cauterule-demo  |            ^^^^^^^^^^^^^^^^^^^^^^^^^^^^^^^^^^^^^^^
E         cauterule-demo  |   File "/usr/local/lib/python3.12/site-packages/click/core.py", line 910, in invoke
E         cauterule-demo  |     return callback(*args, **kwargs)
E         cauterule-demo  |            ^^^^^^^^^^^^^^^^^^^^^^^^^
E         cauterule-demo  |   File "/usr/local/lib/python3.12/site-packages/cauterule/cli/demo.py", line 74, in demo
E         cauterule-demo  |     _run_demo_pipeline(failures)
E         cauterule-demo  |   File "/usr/local/lib/python3.12/site-packages/cauterule/cli/demo.py", line 51, in _run_demo_pipeline
E         cauterule-demo  |     traj_dir.mkdir(parents=True, exist_ok=True)
E         cauterule-demo  |   File "/usr/local/lib/python3.12/pathlib.py", line 1311, in mkdir
E         cauterule-demo  |     os.mkdir(self, mode)
E         cauterule-demo  | PermissionError: [Errno 13] Permission denied: 'trajectories'
E          Compose Stopping Aborting on container exit...
E          Container cauterule-demo Stopping 
E          Container cauterule-demo Stopped 
E         
E         
E       assert 1 == 0
E        +  where 1 = CompletedProcess(args=['docker', 'compose', '-f', 'docker-compose.yaml', '-p', 'cauterule-field-test', 'up', '--build'...e Stopping Aborting on container exit...\n Container cauterule-demo Stopping \n Container cauterule-demo Stopped \n\n').returncode

tests/field/test_docker_compose.py:55: AssertionError</failure></testcase><testcase classname="tests.field.test_docker_compose" name="test_compose_mcp_accepts" time="180.137"><failure message="AssertionError: cauterule-mcp did not start&#10;assert False&#10; +  where False = _wait_for_service('cauterule-mcp', running=True)">@pytest.mark.docker
    @pytest.mark.slow
    def test_compose_mcp_accepts() -&gt; None:
        _compose("up", "--build", "-d", "cauterule-mcp")
&gt;       assert _wait_for_service("cauterule-mcp", running=True), "cauterule-mcp did not start"
E       AssertionError: cauterule-mcp did not start
E       assert False
E        +  where False = _wait_for_service('cauterule-mcp', running=True)

tests/field/test_docker_compose.py:66: AssertionError</failure></testcase><testcase classname="tests.field.test_docker_compose" name="test_compose_test_passes" time="0.049"><failure message="AssertionError: no such service: cauterule-demo&#10;  &#10;assert 1 == 0&#10; +  where 1 = CompletedProcess(args=['docker', 'compose', '-f', 'docker-compose.yaml', '-p', 'cauterule-field-test', 'up', '--build', 'cauterule-test', '--abort-on-container-exit'], returncode=1, stdout='', stderr='no such service: cauterule-demo\n').returncode">@pytest.mark.docker
    @pytest.mark.slow
    def test_compose_test_passes() -&gt; None:
        result = _compose("up", "--build", "cauterule-test", "--abort-on-container-exit")
&gt;       assert result.returncode == 0, result.stderr
E       AssertionError: no such service: cauterule-demo
E         
E       assert 1 == 0
E        +  where 1 = CompletedProcess(args=['docker', 'compose', '-f', 'docker-compose.yaml', '-p', 'cauterule-field-test', 'up', '--build', 'cauterule-test', '--abort-on-container-exit'], returncode=1, stdout='', stderr='no such service: cauterule-demo\n').returncode

tests/field/test_docker_compose.py:117: AssertionError</failure></testcase><testcase classname="tests.field.test_docker_compose" name="test_compose_clean_shutdown" time="0.091" /><testcase classname="tests.field.test_docker_compose" name="test_compose_all_services" time="0.036"><failure message="AssertionError: assert 'cauterule-demo' in []">@pytest.mark.docker
    @pytest.mark.slow
    def test_compose_all_services() -&gt; None:
        result = _compose("config", "--services")
        assert result.returncode == 0, result.stderr
        services = result.stdout.split()
&gt;       assert "cauterule-demo" in services
E       AssertionError: assert 'cauterule-demo' in []

tests/field/test_docker_compose.py:135: AssertionError</failure></testcase><testcase classname="tests.field.test_docker_export_import" name="test_export_cursorrules" time="0.000" /><testcase classname="tests.field.test_docker_export_import" name="test_export_claude_md" time="0.000" /><testcase classname="tests.field.test_docker_export_import" name="test_export_agents_md" time="0.000" /><testcase classname="tests.field.test_docker_export_import" name="test_export_windsurf" time="0.000" /><testcase classname="tests.field.test_docker_export_import" name="test_export_aider" time="0.000" /><testcase classname="tests.field.test_docker_export_import" name="test_export_markdown" time="0.000" /><testcase classname="tests.field.test_docker_export_import" name="test_export_json" time="0.000" /><testcase classname="tests.field.test_docker_export_import" name="test_export_active_only" time="0.000" /><testcase classname="tests.field.test_docker_export_import" name="test_export_include_retired" time="0.000" /><testcase classname="tests.field.test_docker_export_import" name="test_import_cursorrules" time="0.001" /><testcase classname="tests.field.test_docker_export_import" name="test_import_claude_md" time="0.000" /><testcase classname="tests.field.test_docker_export_import" name="test_import_agents_md" time="0.000" /><testcase classname="tests.field.test_docker_export_import" name="test_import_chat_history" time="0.000" /><testcase classname="tests.field.test_docker_git" name="test_git_init" time="0.016" /><testcase classname="tests.field.test_docker_git" name="test_promote_creates_commit" time="0.058" /><testcase classname="tests.field.test_docker_git" name="test_yaml_has_real_hash" time="0.069" /><testcase classname="tests.field.test_docker_git" name="test_hash_matches_git" time="0.071" /><testcase classname="tests.field.test_docker_git" name="test_rollback" time="0.072" /><testcase classname="tests.field.test_docker_git" name="test_validate_after_rollback" time="0.150" /><testcase classname="tests.field.test_docker_git" name="test_retire_creates_commit" time="0.239" /><testcase classname="tests.field.test_docker_git" name="test_history_timeline" time="0.131" /><testcase classname="tests.field.test_docker_git" name="test_rollback_restores" time="0.101" /><testcase classname="tests.field.test_docker_git" name="test_hash_not_uuid" time="0.070" /><testcase classname="tests.field.test_docker_loop" name="test_loop_returns_rule_id" time="0.000" /><testcase classname="tests.field.test_docker_loop" name="test_loop_creates_rule_file" time="0.107" /><testcase classname="tests.field.test_docker_loop" name="test_loop_creates_git_commit" time="0.112" /><testcase classname="tests.field.test_docker_loop" name="test_loop_all_stages_execute" time="0.001" /><testcase classname="tests.field.test_docker_loop" name="test_loop_empty_trajectory" time="0.000" /><testcase classname="tests.field.test_docker_loop" name="test_loop_no_lesson" time="0.000" /><testcase classname="tests.field.test_docker_mcp" name="test_mcp_server_command_registered" time="0.009" /><testcase classname="tests.field.test_docker_mcp" name="test_get_matching_rules" time="0.002" /><testcase classname="tests.field.test_docker_mcp" name="test_get_matching_rules_empty_task" time="0.002" /><testcase classname="tests.field.test_docker_mcp" name="test_get_rule" time="0.001" /><testcase classname="tests.field.test_docker_mcp" name="test_get_rule_missing" time="0.001" /><testcase classname="tests.field.test_docker_mcp" name="test_list_rules" time="0.002" /><testcase classname="tests.field.test_docker_mcp" name="test_list_rules_status_filter" time="0.002" /><testcase classname="tests.field.test_docker_mcp" name="test_report_failure" time="0.000" /><testcase classname="tests.field.test_docker_mcp" name="test_report_failure_invalid_json" time="0.000" /><testcase classname="tests.field.test_docker_mcp" name="test_list_rules_no_store" time="0.000" /><testcase classname="tests.field.test_docker_multienv" name="test_build_py311" time="19.457" /><testcase classname="tests.field.test_docker_multienv" name="test_py311_tests_pass" time="4.044" /><testcase classname="tests.field.test_docker_multienv" name="test_build_py312" time="15.707" /><testcase classname="tests.field.test_docker_multienv" name="test_py312_tests_pass" time="4.079" /><testcase classname="tests.field.test_docker_multienv" name="test_build_py313" time="17.468" /><testcase classname="tests.field.test_docker_multienv" name="test_py313_tests_pass" time="4.504" /><testcase classname="tests.field.test_docker_pipeline" name="test_pipeline_init" time="0.199" /><testcase classname="tests.field.test_docker_pipeline" name="test_pipeline_extract_dry_run" time="0.197" /><testcase classname="tests.field.test_docker_pipeline" name="test_pipeline_test" time="0.210" /><testcase classname="tests.field.test_docker_pipeline" name="test_pipeline_promote" time="0.206" /><testcase classname="tests.field.test_docker_pipeline" name="test_pipeline_list" time="0.198" /><testcase classname="tests.field.test_docker_pipeline" name="test_pipeline_inject" time="0.199" /><testcase classname="tests.field.test_docker_pipeline" name="test_pipeline_show" time="0.195" /><testcase classname="tests.field.test_docker_pipeline" name="test_pipeline_health" time="0.201" /><testcase classname="tests.field.test_docker_pipeline" name="test_pipeline_validate" time="0.200" /><testcase classname="tests.field.test_docker_pipeline" name="test_pipeline_hash_check" time="0.002" /><testcase classname="tests.field.test_docker_redaction" name="test_api_key_redacted" time="0.000" /><testcase classname="tests.field.test_docker_redaction" name="test_token_redacted" time="0.000" /><testcase classname="tests.field.test_docker_redaction" name="test_password_redacted" time="0.000" /><testcase classname="tests.field.test_docker_redaction" name="test_redacted_flag_set" time="0.000" /><testcase classname="tests.field.test_docker_redaction" name="test_export_no_secrets" time="0.000" /><testcase classname="tests.field.test_docker_redaction" name="test_watch_decorator_redacts" time="0.001" /><testcase classname="tests.field.test_docker_tui" name="test_review_screen_mounts" time="0.164" /><testcase classname="tests.field.test_docker_tui" name="test_candidates_load" time="0.002" /><testcase classname="tests.field.test_docker_tui" name="test_evidence_cards_render" time="0.067" /><testcase classname="tests.field.test_docker_tui" name="test_confidence_cards_render" time="0.045" /><testcase classname="tests.field.test_docker_tui" name="test_annotation_screen" time="0.128" /><testcase classname="tests.field.test_docker_tui" name="test_batch_review" time="0.134" /><testcase classname="tests.field.test_docker_tui" name="test_filter_by_tag" time="0.000" /><testcase classname="tests.field.test_docker_tui" name="test_approve_promotes" time="0.131" /><testcase classname="tests.field.test_docker_tui" name="test_reject_advances" time="0.126" /><testcase classname="tests.field.test_docker_tui" name="test_keybindings" time="0.048" /><testcase classname="tests.field.test_docker_v020_cli" name="test_cli_preflight_no_corpus" time="0.135" /><testcase classname="tests.field.test_docker_v020_cli" name="test_cli_preflight_with_corpus" time="0.084" /><testcase classname="tests.field.test_docker_v020_cli" name="test_cli_harness_health_pass" time="0.077" /><testcase classname="tests.field.test_docker_v020_cli" name="test_cli_harness_health_fail" time="0.076" /><testcase classname="tests.field.test_docker_v020_cli" name="test_cli_review_batch_json" time="0.079" /><testcase classname="tests.field.test_docker_v020_cli" name="test_cli_review_filter_json" time="0.078" /><testcase classname="tests.field.test_docker_v020_cli" name="test_cli_metrics_coverage" time="0.084" /><testcase classname="tests.field.test_docker_v020_cli" name="test_cli_metrics_by_domain" time="0.079" /><testcase classname="tests.field.test_docker_v020_cli" name="test_cli_gaps" time="0.080" /><testcase classname="tests.field.test_docker_v020_cli" name="test_cli_leaderboard" time="0.079" /><testcase classname="tests.field.test_docker_v020_cli" name="test_cli_frontier" time="0.082" /><testcase classname="tests.field.test_docker_v020_cli" name="test_cli_journal" time="0.081" /><testcase classname="tests.field.test_docker_v020_cli" name="test_cli_report_monthly" time="0.078" /><testcase classname="tests.field.test_docker_v020_cli" name="test_cli_show_hits" time="0.081" /><testcase classname="tests.field.test_docker_v020_cli" name="test_cli_inject_records_hits" time="0.187" /><testcase classname="tests.field.test_docker_v020_metrics" name="test_demo_completes_under_60s_and_walkthrough" time="0.076" /><testcase classname="tests.field.test_docker_v020_metrics" name="test_cli_version_under_500ms" time="0.079" /><testcase classname="tests.field.test_docker_v020_metrics" name="test_cli_help_under_500ms" time="0.080" /><testcase classname="tests.field.test_docker_v020_metrics" name="test_preflight_runs_under_30s" time="0.077" /><testcase classname="tests.field.test_docker_v020_metrics" name="test_harness_health_reports_metrics" time="0.076" /><testcase classname="tests.field.test_docker_v020_metrics" name="test_metrics_coverage_returns_score" time="0.079" /><testcase classname="tests.field.test_docker_v020_metrics" name="test_review_batch_json_valid_queue" time="0.080" /><testcase classname="tests.field.test_docker_v020_metrics" name="test_inject_records_hits_metric" time="0.137" /><testcase classname="tests.field.test_docker_v030" name="test_docker_build_hardening" time="15.505" /><testcase classname="tests.field.test_docker_v030" name="test_docker_compose_config" time="0.106" /><testcase classname="tests.field.test_docker_v030" name="test_docker_cli_smoke" time="0.381" /><testcase classname="tests.field.test_docker_v030" name="test_docker_corpus_cli" time="0.619" /><testcase classname="tests.field.test_docker_v030" name="test_docker_benchmark_cli" time="4.735" /><testcase classname="tests.field.test_docker_v030" name="test_docker_pack_create" time="0.236" /><testcase classname="tests.field.test_docker_v030" name="test_docker_pack_install" time="0.443" /><testcase classname="tests.field.test_docker_v030" name="test_docker_pack_persistence" time="0.371" /><testcase classname="tests.field.test_docker_v030" name="test_docker_adapter_import" time="0.176" /><testcase classname="tests.field.test_docker_v030" name="test_docker_lifecycle" time="0.277" /><testcase classname="tests.field.test_docker_v030" name="test_docker_mcp_stdio" time="0.440" /><testcase classname="tests.field.test_docker_v030" name="test_docker_mcp_http_auth" time="0.848" /><testcase classname="tests.field.test_docker_v030" name="test_docker_otel_emit" time="0.385" /><testcase classname="tests.field.test_docker_v030" name="test_docker_preflight" time="0.201" /><testcase classname="tests.field.test_docker_v030" name="test_docker_extract_test_promote" time="0.256" /><testcase classname="tests.field.test_docker_v030" name="test_docker_badge" time="0.268" /><testcase classname="tests.field.test_docker_v030" name="test_docker_webhook" time="0.211" /><testcase classname="tests.field.test_docker_v030" name="test_docker_rules_persistence" time="0.299" /><testcase classname="tests.field.test_docker_v030" name="test_docker_image_size" time="0.029" /><testcase classname="tests.field.test_docker_v030" name="test_docker_multi_arch" time="0.055" /><testcase classname="tests.field.test_docker_v030" name="test_docker_resource_limits" time="0.187" /><testcase classname="tests.field.test_docker_v030" name="test_docker_network_isolated" time="0.151" /><testcase classname="tests.mcp.test_docker_http_transport" name="test_docker_http_tools_listed" time="0.802" /><testcase classname="tests.mcp.test_docker_http_transport" name="test_docker_http_call_tools_valid" time="0.802" /><testcase classname="tests.mcp.test_docker_http_transport" name="test_docker_http_invalid_args_schema_error" time="0.796" /><testcase classname="tests.mcp.test_docker_http_transport" name="test_docker_http_unknown_tool_no_traceback" time="0.784" /></testsuite></testsuites>