<?xml version="1.0" encoding="utf-8"?><testsuites name="pytest tests"><testsuite name="pytest" errors="0" failures="2" skipped="0" tests="159" time="363.002" timestamp="2026-09-11T18:31:42.966860-07:00" hostname="ghosal-macbook.local"><testcase classname="tests.field.test_docker_build" name="test_docker_image_builds" time="0.513" /><testcase classname="tests.field.test_docker_build" name="test_docker_version" time="0.328" /><testcase classname="tests.field.test_docker_build" name="test_docker_help" time="0.186" /><testcase classname="tests.field.test_docker_build" name="test_docker_pip_show" time="0.208" /><testcase classname="tests.field.test_docker_build" name="test_docker_import" time="0.149" /><testcase classname="tests.field.test_docker_cli" name="test_cli_init" time="0.104" /><testcase classname="tests.field.test_docker_cli" name="test_cli_extract_dry_run" time="0.078" /><testcase classname="tests.field.test_docker_cli" name="test_cli_test" time="0.179" /><testcase classname="tests.field.test_docker_cli" name="test_cli_promote" time="0.079" /><testcase classname="tests.field.test_docker_cli" name="test_cli_list" time="0.080" /><testcase classname="tests.field.test_docker_cli" name="test_cli_show" time="0.080" /><testcase classname="tests.field.test_docker_cli" name="test_cli_inject" time="0.139" /><testcase classname="tests.field.test_docker_cli" name="test_cli_retire" time="0.147" /><testcase classname="tests.field.test_docker_cli" name="test_cli_history" time="0.081" /><testcase classname="tests.field.test_docker_cli" name="test_cli_conflicts" time="0.079" /><testcase classname="tests.field.test_docker_cli" name="test_cli_validate" time="0.079" /><testcase classname="tests.field.test_docker_cli" name="test_cli_health" time="0.083" /><testcase classname="tests.field.test_docker_cli" name="test_cli_search" time="0.136" /><testcase classname="tests.field.test_docker_cli" name="test_cli_explain" time="0.079" /><testcase classname="tests.field.test_docker_cli" name="test_cli_config" time="0.077" /><testcase classname="tests.field.test_docker_cli" name="test_cli_metrics" time="0.083" /><testcase classname="tests.field.test_docker_cli" name="test_cli_report" time="0.079" /><testcase classname="tests.field.test_docker_cli" name="test_cli_pack_list" time="0.290" /><testcase classname="tests.field.test_docker_cli" name="test_cli_pack_info" time="0.295" /><testcase classname="tests.field.test_docker_cli" name="test_cli_diff" time="0.079" /><testcase classname="tests.field.test_docker_cli" name="test_cli_audit" time="0.080" /><testcase classname="tests.field.test_docker_cli" name="test_cli_story" time="0.080" /><testcase classname="tests.field.test_docker_cli" name="test_cli_counterfactual" time="0.081" /><testcase classname="tests.field.test_docker_compose" name="test_compose_start_demo" time="1.001" /><testcase classname="tests.field.test_docker_compose" name="test_compose_mcp_accepts" time="181.550"><failure message="AssertionError: cauterule-mcp did not start&#10;assert False&#10; +  where False = _wait_for_service('cauterule-mcp', running=True)">@pytest.mark.docker
    @pytest.mark.slow
    def test_compose_mcp_accepts() -&gt; None:
        _compose("up", "-d", "cauterule-mcp")
&gt;       assert _wait_for_service("cauterule-mcp", running=True), "cauterule-mcp did not start"
E       AssertionError: cauterule-mcp did not start
E       assert False
E        +  where False = _wait_for_service('cauterule-mcp', running=True)

tests/field/test_docker_compose.py:75: AssertionError</failure></testcase><testcase classname="tests.field.test_docker_compose" name="test_compose_test_passes" time="64.600"><failure message="AssertionError:  Image cauterule-field-test-cauterule-test Building &#10;   Image cauterule-field-test-cauterule-test Built &#10;   Container cauterule-test Creating &#10;   Container cauterule-test Created &#10;   Container cauterule-demo Starting &#10;   Container cauterule-demo Started &#10;   Container cauterule-test Starting &#10;   Container cauterule-test Started &#10;  cauterule-test  |   WARNING: The script cpuinfo is installed in '/home/cauterule/.local/bin' which is not on PATH.&#10;  cauterule-test  |   Consider adding this directory to PATH or, if you prefer to suppress this warning, use --no-warn-script-location.&#10;  cauterule-test  |   WARNING: The scripts py.test and pytest are installed in '/home/cauterule/.local/bin' which is not on PATH.&#10;  cauterule-test  |   Consider adding this directory to PATH or, if you prefer to suppress this warning, use --no-warn-script-location.&#10;  cauterule-test  |   WARNING: The scripts py.test-benchmark and pytest-benchmark are installed in '/home/cauterule/.local/bin' which is not on PATH.&#10;  cauterule-test  |   Consider adding this directory to PATH or, if you prefer to suppress this warning, use --no-warn-script-location.&#10;   Compose Stopping Aborting on container exit...&#10;   Container cauterule-test Stopping &#10;   Container cauterule-test Stopped &#10;  &#10;  &#10;assert 1 == 0&#10; +  where 1 = CompletedProcess(args=['docker', 'compose', '-f', 'docker-compose.yaml', '-p', 'cauterule-field-test', '--profile', 'd...e Stopping Aborting on container exit...\n Container cauterule-test Stopping \n Container cauterule-test Stopped \n\n&quot;).returncode">@pytest.mark.docker
    @pytest.mark.slow
    def test_compose_test_passes() -&gt; None:
        result = _compose("up", "cauterule-test", "--abort-on-container-exit")
&gt;       assert result.returncode == 0, result.stderr
E       AssertionError:  Image cauterule-field-test-cauterule-test Building 
E          Image cauterule-field-test-cauterule-test Built 
E          Container cauterule-test Creating 
E          Container cauterule-test Created 
E          Container cauterule-demo Starting 
E          Container cauterule-demo Started 
E          Container cauterule-test Starting 
E          Container cauterule-test Started 
E         cauterule-test  |   WARNING: The script cpuinfo is installed in '/home/cauterule/.local/bin' which is not on PATH.
E         cauterule-test  |   Consider adding this directory to PATH or, if you prefer to suppress this warning, use --no-warn-script-location.
E         cauterule-test  |   WARNING: The scripts py.test and pytest are installed in '/home/cauterule/.local/bin' which is not on PATH.
E         cauterule-test  |   Consider adding this directory to PATH or, if you prefer to suppress this warning, use --no-warn-script-location.
E         cauterule-test  |   WARNING: The scripts py.test-benchmark and pytest-benchmark are installed in '/home/cauterule/.local/bin' which is not on PATH.
E         cauterule-test  |   Consider adding this directory to PATH or, if you prefer to suppress this warning, use --no-warn-script-location.
E          Compose Stopping Aborting on container exit...
E          Container cauterule-test Stopping 
E          Container cauterule-test Stopped 
E         
E         
E       assert 1 == 0
E        +  where 1 = CompletedProcess(args=['docker', 'compose', '-f', 'docker-compose.yaml', '-p', 'cauterule-field-test', '--profile', 'd...e Stopping Aborting on container exit...\n Container cauterule-test Stopping \n Container cauterule-test Stopped \n\n").returncode

tests/field/test_docker_compose.py:126: AssertionError</failure></testcase><testcase classname="tests.field.test_docker_compose" name="test_compose_clean_shutdown" time="0.221" /><testcase classname="tests.field.test_docker_compose" name="test_compose_all_services" time="0.037" /><testcase classname="tests.field.test_docker_export_import" name="test_export_cursorrules" time="0.000" /><testcase classname="tests.field.test_docker_export_import" name="test_export_claude_md" time="0.000" /><testcase classname="tests.field.test_docker_export_import" name="test_export_agents_md" time="0.000" /><testcase classname="tests.field.test_docker_export_import" name="test_export_windsurf" time="0.000" /><testcase classname="tests.field.test_docker_export_import" name="test_export_aider" time="0.000" /><testcase classname="tests.field.test_docker_export_import" name="test_export_markdown" time="0.000" /><testcase classname="tests.field.test_docker_export_import" name="test_export_json" time="0.000" /><testcase classname="tests.field.test_docker_export_import" name="test_export_active_only" time="0.000" /><testcase classname="tests.field.test_docker_export_import" name="test_export_include_retired" time="0.000" /><testcase classname="tests.field.test_docker_export_import" name="test_import_cursorrules" time="0.001" /><testcase classname="tests.field.test_docker_export_import" name="test_import_claude_md" time="0.000" /><testcase classname="tests.field.test_docker_export_import" name="test_import_agents_md" time="0.000" /><testcase classname="tests.field.test_docker_export_import" name="test_import_chat_history" time="0.000" /><testcase classname="tests.field.test_docker_git" name="test_git_init" time="0.017" /><testcase classname="tests.field.test_docker_git" name="test_promote_creates_commit" time="0.065" /><testcase classname="tests.field.test_docker_git" name="test_yaml_has_real_hash" time="0.075" /><testcase classname="tests.field.test_docker_git" name="test_hash_matches_git" time="0.077" /><testcase classname="tests.field.test_docker_git" name="test_rollback" time="0.091" /><testcase classname="tests.field.test_docker_git" name="test_validate_after_rollback" time="0.157" /><testcase classname="tests.field.test_docker_git" name="test_retire_creates_commit" time="0.252" /><testcase classname="tests.field.test_docker_git" name="test_history_timeline" time="0.142" /><testcase classname="tests.field.test_docker_git" name="test_rollback_restores" time="0.107" /><testcase classname="tests.field.test_docker_git" name="test_hash_not_uuid" time="0.076" /><testcase classname="tests.field.test_docker_loop" name="test_loop_returns_rule_id" time="0.000" /><testcase classname="tests.field.test_docker_loop" name="test_loop_creates_rule_file" time="0.114" /><testcase classname="tests.field.test_docker_loop" name="test_loop_creates_git_commit" time="0.118" /><testcase classname="tests.field.test_docker_loop" name="test_loop_all_stages_execute" time="0.002" /><testcase classname="tests.field.test_docker_loop" name="test_loop_empty_trajectory" time="0.000" /><testcase classname="tests.field.test_docker_loop" name="test_loop_no_lesson" time="0.000" /><testcase classname="tests.field.test_docker_mcp" name="test_mcp_server_command_registered" time="0.010" /><testcase classname="tests.field.test_docker_mcp" name="test_get_matching_rules" time="0.002" /><testcase classname="tests.field.test_docker_mcp" name="test_get_matching_rules_empty_task" time="0.002" /><testcase classname="tests.field.test_docker_mcp" name="test_get_rule" time="0.001" /><testcase classname="tests.field.test_docker_mcp" name="test_get_rule_missing" time="0.001" /><testcase classname="tests.field.test_docker_mcp" name="test_list_rules" time="0.002" /><testcase classname="tests.field.test_docker_mcp" name="test_list_rules_status_filter" time="0.002" /><testcase classname="tests.field.test_docker_mcp" name="test_report_failure" time="0.000" /><testcase classname="tests.field.test_docker_mcp" name="test_report_failure_invalid_json" time="0.000" /><testcase classname="tests.field.test_docker_mcp" name="test_list_rules_no_store" time="0.000" /><testcase classname="tests.field.test_docker_multienv" name="test_build_py311" time="18.598" /><testcase classname="tests.field.test_docker_multienv" name="test_py311_tests_pass" time="4.060" /><testcase classname="tests.field.test_docker_multienv" name="test_build_py312" time="16.088" /><testcase classname="tests.field.test_docker_multienv" name="test_py312_tests_pass" time="5.417" /><testcase classname="tests.field.test_docker_multienv" name="test_build_py313" time="18.663" /><testcase classname="tests.field.test_docker_multienv" name="test_py313_tests_pass" time="4.417" /><testcase classname="tests.field.test_docker_pipeline" name="test_pipeline_init" time="0.216" /><testcase classname="tests.field.test_docker_pipeline" name="test_pipeline_extract_dry_run" time="0.202" /><testcase classname="tests.field.test_docker_pipeline" name="test_pipeline_test" time="0.220" /><testcase classname="tests.field.test_docker_pipeline" name="test_pipeline_promote" time="0.202" /><testcase classname="tests.field.test_docker_pipeline" name="test_pipeline_list" time="0.209" /><testcase classname="tests.field.test_docker_pipeline" name="test_pipeline_inject" time="0.198" /><testcase classname="tests.field.test_docker_pipeline" name="test_pipeline_show" time="0.222" /><testcase classname="tests.field.test_docker_pipeline" name="test_pipeline_health" time="0.221" /><testcase classname="tests.field.test_docker_pipeline" name="test_pipeline_validate" time="0.223" /><testcase classname="tests.field.test_docker_pipeline" name="test_pipeline_hash_check" time="0.003" /><testcase classname="tests.field.test_docker_redaction" name="test_api_key_redacted" time="0.000" /><testcase classname="tests.field.test_docker_redaction" name="test_token_redacted" time="0.000" /><testcase classname="tests.field.test_docker_redaction" name="test_password_redacted" time="0.000" /><testcase classname="tests.field.test_docker_redaction" name="test_redacted_flag_set" time="0.000" /><testcase classname="tests.field.test_docker_redaction" name="test_export_no_secrets" time="0.000" /><testcase classname="tests.field.test_docker_redaction" name="test_watch_decorator_redacts" time="0.001" /><testcase classname="tests.field.test_docker_tui" name="test_review_screen_mounts" time="0.161" /><testcase classname="tests.field.test_docker_tui" name="test_candidates_load" time="0.002" /><testcase classname="tests.field.test_docker_tui" name="test_evidence_cards_render" time="0.069" /><testcase classname="tests.field.test_docker_tui" name="test_confidence_cards_render" time="0.046" /><testcase classname="tests.field.test_docker_tui" name="test_annotation_screen" time="0.131" /><testcase classname="tests.field.test_docker_tui" name="test_batch_review" time="0.135" /><testcase classname="tests.field.test_docker_tui" name="test_filter_by_tag" time="0.000" /><testcase classname="tests.field.test_docker_tui" name="test_approve_promotes" time="0.128" /><testcase classname="tests.field.test_docker_tui" name="test_reject_advances" time="0.125" /><testcase classname="tests.field.test_docker_tui" name="test_keybindings" time="0.047" /><testcase classname="tests.field.test_docker_v020_cli" name="test_cli_preflight_no_corpus" time="0.086" /><testcase classname="tests.field.test_docker_v020_cli" name="test_cli_preflight_with_corpus" time="0.085" /><testcase classname="tests.field.test_docker_v020_cli" name="test_cli_harness_health_pass" time="0.078" /><testcase classname="tests.field.test_docker_v020_cli" name="test_cli_harness_health_fail" time="0.079" /><testcase classname="tests.field.test_docker_v020_cli" name="test_cli_review_batch_json" time="0.081" /><testcase classname="tests.field.test_docker_v020_cli" name="test_cli_review_filter_json" time="0.081" /><testcase classname="tests.field.test_docker_v020_cli" name="test_cli_metrics_coverage" time="0.082" /><testcase classname="tests.field.test_docker_v020_cli" name="test_cli_metrics_by_domain" time="0.081" /><testcase classname="tests.field.test_docker_v020_cli" name="test_cli_gaps" time="0.082" /><testcase classname="tests.field.test_docker_v020_cli" name="test_cli_leaderboard" time="0.081" /><testcase classname="tests.field.test_docker_v020_cli" name="test_cli_frontier" time="0.082" /><testcase classname="tests.field.test_docker_v020_cli" name="test_cli_journal" time="0.080" /><testcase classname="tests.field.test_docker_v020_cli" name="test_cli_report_monthly" time="0.080" /><testcase classname="tests.field.test_docker_v020_cli" name="test_cli_show_hits" time="0.080" /><testcase classname="tests.field.test_docker_v020_cli" name="test_cli_inject_records_hits" time="0.143" /><testcase classname="tests.field.test_docker_v020_metrics" name="test_demo_completes_under_60s_and_walkthrough" time="0.079" /><testcase classname="tests.field.test_docker_v020_metrics" name="test_cli_version_under_500ms" time="0.080" /><testcase classname="tests.field.test_docker_v020_metrics" name="test_cli_help_under_500ms" time="0.081" /><testcase classname="tests.field.test_docker_v020_metrics" name="test_preflight_runs_under_30s" time="0.080" /><testcase classname="tests.field.test_docker_v020_metrics" name="test_harness_health_reports_metrics" time="0.079" /><testcase classname="tests.field.test_docker_v020_metrics" name="test_metrics_coverage_returns_score" time="0.081" /><testcase classname="tests.field.test_docker_v020_metrics" name="test_review_batch_json_valid_queue" time="0.080" /><testcase classname="tests.field.test_docker_v020_metrics" name="test_inject_records_hits_metric" time="0.139" /><testcase classname="tests.field.test_docker_v030" name="test_docker_build_hardening" time="16.289" /><testcase classname="tests.field.test_docker_v030" name="test_docker_compose_config" time="0.121" /><testcase classname="tests.field.test_docker_v030" name="test_docker_cli_smoke" time="0.406" /><testcase classname="tests.field.test_docker_v030" name="test_docker_corpus_cli" time="0.647" /><testcase classname="tests.field.test_docker_v030" name="test_docker_benchmark_cli" time="4.794" /><testcase classname="tests.field.test_docker_v030" name="test_docker_pack_create" time="0.238" /><testcase classname="tests.field.test_docker_v030" name="test_docker_pack_install" time="0.459" /><testcase classname="tests.field.test_docker_v030" name="test_docker_pack_persistence" time="0.389" /><testcase classname="tests.field.test_docker_v030" name="test_docker_adapter_import" time="0.184" /><testcase classname="tests.field.test_docker_v030" name="test_docker_lifecycle" time="0.297" /><testcase classname="tests.field.test_docker_v030" name="test_docker_mcp_stdio" time="0.439" /><testcase classname="tests.field.test_docker_v030" name="test_docker_mcp_http_auth" time="0.804" /><testcase classname="tests.field.test_docker_v030" name="test_docker_mcp_http_schema_and_rate_limit" time="0.836" /><testcase classname="tests.field.test_docker_v030" name="test_docker_otel_emit" time="0.404" /><testcase classname="tests.field.test_docker_v030" name="test_docker_preflight" time="0.201" /><testcase classname="tests.field.test_docker_v030" name="test_docker_preflight_max_cost" time="0.417" /><testcase classname="tests.field.test_docker_v030" name="test_docker_benchmark_compare" time="4.733" /><testcase classname="tests.field.test_docker_v030" name="test_docker_extract_test_promote" time="0.269" /><testcase classname="tests.field.test_docker_v030" name="test_docker_pipeline_git_commit" time="0.413" /><testcase classname="tests.field.test_docker_v030" name="test_docker_corpus_export_csv_content" time="0.343" /><testcase classname="tests.field.test_docker_v030" name="test_docker_badge" time="0.296" /><testcase classname="tests.field.test_docker_v030" name="test_docker_webhook_cli" time="0.344" /><testcase classname="tests.field.test_docker_v030" name="test_docker_webhook" time="0.278" /><testcase classname="tests.field.test_docker_v030" name="test_docker_rules_persistence" time="0.280" /><testcase classname="tests.field.test_docker_v030" name="test_docker_image_size" time="0.024" /><testcase classname="tests.field.test_docker_v030" name="test_docker_multi_arch" time="0.051" /><testcase classname="tests.field.test_docker_v030" name="test_docker_resource_limits" time="0.203" /><testcase classname="tests.field.test_docker_v030" name="test_docker_network_isolated" time="0.158" /><testcase classname="tests.mcp.test_docker_http_transport" name="test_docker_http_tools_listed" time="0.767" /><testcase classname="tests.mcp.test_docker_http_transport" name="test_docker_http_call_tools_valid" time="0.796" /><testcase classname="tests.mcp.test_docker_http_transport" name="test_docker_http_invalid_args_schema_error" time="0.783" /><testcase classname="tests.mcp.test_docker_http_transport" name="test_docker_http_unknown_tool_no_traceback" time="0.778" /></testsuite></testsuites>